[debug] ----------------------------------------------------------------------
[debug] Command:      C:\Program Files\nodejs\node.exe C:\Users\40122\AppData\Roaming\npm\node_modules\firebase-tools\bin\firebase init
[debug] CLI Version:  3.5.0
[debug] Platform:     win32
[debug] Node Version: v6.10.0
[debug] Time:         Sun Mar 19 2017 18:39:14 GMT-0300 (E. South America Standard Time)
[debug] ----------------------------------------------------------------------
[debug] 
[debug] > command requires scopes: ["email","openid","https://www.googleapis.com/auth/cloudplatformprojects.readonly","https://www.googleapis.com/auth/firebase"]
[info] 
     ######## #### ########  ######## ########     ###     ######  ########
     ##        ##  ##     ## ##       ##     ##  ##   ##  ##       ##
     ######    ##  ########  ######   ########  #########  ######  ######
     ##        ##  ##    ##  ##       ##     ## ##     ##       ## ##
     ##       #### ##     ## ######## ########  ##     ##  ######  ########

You're about to initialize a Firebase project in this directory:

  C:\Users\40122\Desktop\angular-seed-master\angular-seed-master

[info] 
=== Project Setup
[info] 
[info] First, let's associate this project directory with a Firebase project.
[info] You can create multiple project aliases by running firebase use --add, 
[info] but for now we'll just set up a default project.
[info] 
[debug] > refreshing access token with scopes: ["email","https://www.googleapis.com/auth/cloudplatformprojects.readonly","https://www.googleapis.com/auth/firebase","openid"]
[debug] >>> HTTP REQUEST POST https://www.googleapis.com/oauth2/v3/token { refresh_token: '1/INotrStQfYHgmxrp7O4ZDid7rnEr9eDD2AF0-iWGy4Y',
  client_id: '563584335869-fgrhgmd47bqnekij5i8b5pr03ho849e6.apps.googleusercontent.com',
  client_secret: 'j9iVZfS8kkCEFUPaAeJV0sAi',
  grant_type: 'refresh_token',
  scope: 'email https://www.googleapis.com/auth/cloudplatformprojects.readonly https://www.googleapis.com/auth/firebase openid' } 
 Sun Mar 19 2017 18:39:32 GMT-0300 (E. South America Standard Time)
[debug] <<< HTTP RESPONSE 200
[debug] >>> HTTP REQUEST GET https://admin.firebase.com/v1/projects  
 Sun Mar 19 2017 18:39:33 GMT-0300 (E. South America Standard Time)
[debug] <<< HTTP RESPONSE 200
[info] 
=== Functions Setup
[info] 
[info] A functions directory will be created in your project with a Node.js
[info] package pre-configured. Functions can be deployed with firebase deploy.
[info] 
[debug] > command requires scopes: ["email","openid","https://www.googleapis.com/auth/cloudplatformprojects.readonly","https://www.googleapis.com/auth/firebase","https://www.googleapis.com/auth/cloud-platform"]
[debug] > refreshing access token with scopes: ["email","https://www.googleapis.com/auth/cloud-platform","https://www.googleapis.com/auth/cloudplatformprojects.readonly","https://www.googleapis.com/auth/firebase","openid"]
[debug] >>> HTTP REQUEST POST https://www.googleapis.com/oauth2/v3/token { refresh_token: '1/INotrStQfYHgmxrp7O4ZDid7rnEr9eDD2AF0-iWGy4Y',
  client_id: '563584335869-fgrhgmd47bqnekij5i8b5pr03ho849e6.apps.googleusercontent.com',
  client_secret: 'j9iVZfS8kkCEFUPaAeJV0sAi',
  grant_type: 'refresh_token',
  scope: 'email https://www.googleapis.com/auth/cloud-platform https://www.googleapis.com/auth/cloudplatformprojects.readonly https://www.googleapis.com/auth/firebase openid' } 
 Sun Mar 19 2017 18:39:49 GMT-0300 (E. South America Standard Time)
[debug] <<< HTTP RESPONSE 200
[debug] >>> HTTP REQUEST GET https://admin.firebase.com/v1/projects/sku-searcher  
 Sun Mar 19 2017 18:39:49 GMT-0300 (E. South America Standard Time)
[debug] <<< HTTP RESPONSE 200
[debug] >>> HTTP REQUEST GET https://admin.firebase.com/v1/database/sku-searcher/tokens  
 Sun Mar 19 2017 18:39:50 GMT-0300 (E. South America Standard Time)
[debug] <<< HTTP RESPONSE 200
[debug] >>> HTTP REQUEST PATCH https://servicemanagement.googleapis.com/v1/services/cloudfunctions.googleapis.com/projectSettings/sku-searcher?updateMask=usageSettings { usageSettings: { consumerEnableStatus: 'ENABLED' } } 
 Sun Mar 19 2017 18:39:51 GMT-0300 (E. South America Standard Time)
[debug] >>> HTTP REQUEST PATCH https://servicemanagement.googleapis.com/v1/services/runtimeconfig.googleapis.com/projectSettings/sku-searcher?updateMask=usageSettings { usageSettings: { consumerEnableStatus: 'ENABLED' } } 
 Sun Mar 19 2017 18:39:51 GMT-0300 (E. South America Standard Time)
[info] +  Wrote functions/package.json
[info] +  Wrote functions/index.js
[debug] <<< HTTP RESPONSE 200
[debug] <<< HTTP RESPONSE 200
[info] 
=== Hosting Setup
[info] 
[info] Your public directory is the folder (relative to your project directory) that
[info] will contain Hosting assets to be uploaded with firebase deploy. If you
[info] have a build process for your assets, use your build's output directory.
[info] 
